c:\users\16227\desktop\大三上\逆向工程\injectallthethings-master\injectallthethings\release\vc141.pdb
c:\users\16227\desktop\大三上\逆向工程\injectallthethings-master\injectallthethings\release\t_suspendinjectresume.obj
c:\users\16227\desktop\大三上\逆向工程\injectallthethings-master\injectallthethings\release\t_setwindowshookex.obj
c:\users\16227\desktop\大三上\逆向工程\injectallthethings-master\injectallthethings\release\t_rtlcreateuserthread.obj
c:\users\16227\desktop\大三上\逆向工程\injectallthethings-master\injectallthethings\release\t_reflectivedllinjection.obj
c:\users\16227\desktop\大三上\逆向工程\injectallthethings-master\injectallthethings\release\t_queueuserapc.obj
c:\users\16227\desktop\大三上\逆向工程\injectallthethings-master\injectallthethings\release\t_ntcreatethreadex.obj
c:\users\16227\desktop\大三上\逆向工程\injectallthethings-master\injectallthethings\release\t_createremotethread.obj
c:\users\16227\desktop\大三上\逆向工程\injectallthethings-master\injectallthethings\release\main.obj
c:\users\16227\desktop\大三上\逆向工程\injectallthethings-master\injectallthethings\release\auxiliary.obj
c:\users\16227\desktop\大三上\逆向工程\injectallthethings-master\injectallthethings\release\loadlibraryr.obj
c:\users\16227\desktop\大三上\逆向工程\injectallthethings-master\injectallthethings\release\getprocaddressr.obj
c:\users\16227\desktop\大三上\逆向工程\injectallthethings-master\release\injectallthethings.ipdb
c:\users\16227\desktop\大三上\逆向工程\injectallthethings-master\release\injectallthethings.iobj
c:\users\16227\desktop\大三上\逆向工程\injectallthethings-master\release\injectallthethings.dll
c:\users\16227\desktop\大三上\逆向工程\injectallthethings-master\release\injectallthethings.pdb
c:\users\16227\desktop\大三上\逆向工程\injectallthethings-master\injectallthethings\release\injectal.57930b58.tlog\cl.command.1.tlog
c:\users\16227\desktop\大三上\逆向工程\injectallthethings-master\injectallthethings\release\injectal.57930b58.tlog\cl.read.1.tlog
c:\users\16227\desktop\大三上\逆向工程\injectallthethings-master\injectallthethings\release\injectal.57930b58.tlog\cl.write.1.tlog
c:\users\16227\desktop\大三上\逆向工程\injectallthethings-master\injectallthethings\release\injectal.57930b58.tlog\injectallthethings.write.1u.tlog
c:\users\16227\desktop\大三上\逆向工程\injectallthethings-master\injectallthethings\release\injectal.57930b58.tlog\link.command.1.tlog
c:\users\16227\desktop\大三上\逆向工程\injectallthethings-master\injectallthethings\release\injectal.57930b58.tlog\link.read.1.tlog
c:\users\16227\desktop\大三上\逆向工程\injectallthethings-master\injectallthethings\release\injectal.57930b58.tlog\link.write.1.tlog
